<?xml version="1.0" encoding="UTF-8"?>
<!-- Generated by org.testng.reporters.JUnitXMLReporter -->
<testsuite ignored="0" hostname="DESKTOP-2T02PLP" failures="0" tests="1" name="TestRunner1" time="0.112" errors="0" timestamp="2023-08-16T17:09:24 IST">
  <testcase classname="genericUtilities.BaseClass2" name="@BeforeClass configBeforeClass" time="-1.692185964538E9">
    <failure type="org.testng.TestNGException" message="
Can inject only one of &amp;lt;ITestContext, XmlTest&amp;gt; into a @BeforeClass annotated configBeforeClass.
For more information on native dependency injection please refer to https://testng.org/doc/documentation-main.html#native-dependency-injection">
      <![CDATA[org.testng.TestNGException: 
Can inject only one of <ITestContext, XmlTest> into a @BeforeClass annotated configBeforeClass.
For more information on native dependency injection please refer to https://testng.org/doc/documentation-main.html#native-dependency-injection
at java.base/java.util.ArrayList.forEach(ArrayList.java:1511)
... Removed 22 stack frames]]>
    </failure>
  </testcase> <!-- @BeforeClass configBeforeClass -->
  <testcase classname="SeleniumGrid.Grid" name="grid" time="0.0">
    <skipped/>
  </testcase> <!-- grid -->
</testsuite> <!-- TestRunner1 -->
